<?xml version="1.0" encoding="UTF-8"?>
<testng-results skipped="0" failed="0" ignored="0" total="1" passed="1">
  <reporter-output>
  </reporter-output>
  <suite name="Default suite" duration-ms="7209" started-at="2022-10-06T10:38:15 IST" finished-at="2022-10-06T10:38:23 IST">
    <groups>
    </groups>
    <test name="Default test" duration-ms="7209" started-at="2022-10-06T10:38:15 IST" finished-at="2022-10-06T10:38:23 IST">
      <class name="org.testing.Testcases.tc1_postwithtestng">
        <test-method status="PASS" signature="testcase1()[pri:0, instance:org.testing.Testcases.tc1_postwithtestng@7a1ebcd8]" name="testcase1" duration-ms="7064" started-at="2022-10-06T10:38:16 IST" finished-at="2022-10-06T10:38:23 IST">
          <reporter-output>
          </reporter-output>
        </test-method> <!-- testcase1 -->
      </class> <!-- org.testing.Testcases.tc1_postwithtestng -->
    </test> <!-- Default test -->
  </suite> <!-- Default suite -->
</testng-results>
